	Exporter version: 3.0.6, Blender version: 2.76 (sub 0)
========= Conversion from Blender to Babylon.js =========
	Python World class constructor completed
	processing begun of mesh:  rdmobj06
		processing begun of Standard material:  D:\Users\Dazz\Downloads\USRDIR\FUCK\ID00999_00000000_files\diss
		Diffuse texture found
			Image texture found, type:  diffuseTexture, mapped using: "UVMap"
		num positions      :  1912
		num normals        :  1912
		num uvs            :  3824
		num uvs2           :  0
		num colors         :  0
		num indices        :  5058
		WARNING: # of 0 area faces found:  2
	processing begun of camera (FreeCamera):  Camera
	processing begun of light (POINT):  Lamp
========= Writing of scene file started =========
========= Writing of scene file completed =========
========= end of processing =========
elapsed time:  0 min, 0.1094 secs
