	Exporter version: 3.0.6, Blender version: 2.76 (sub 0)
========= Conversion from Blender to Babylon.js =========
	Python World class constructor completed
	processing begun of skeleton:  Armature, id:  0
	processing begun of bone:  root, index:  0
	processing begun of bone:  up_01, index:  1
	processing begun of bone:  up_02, index:  2
	processing begun of bone:  down, index:  3
	processing complete of skeleton:  Armature
	processing begun of mesh:  Dogoo
		processing begun of Standard material:  Material__261
		Diffuse texture found
			Image texture found, type:  diffuseTexture, mapped using: "Dogoo-mesh-map-channel1"
		num positions      :  6036
		num normals        :  6036
		num uvs            :  12072
		num uvs2           :  0
		num colors         :  0
		num indices        :  6036
		num skeletonWeights:  24144
		num skeletonIndices:  24144
	processing begun of camera (FreeCamera):  Camera
	processing begun of light (HEMI):  VisualSceneNode
	processing begun of light (POINT):  Lamp
========= Writing of scene file started =========
========= Writing of scene file completed =========
========= end of processing =========
elapsed time:  0 min, 0.4873 secs
