	Exporter version: 3.0.6, Blender version: 2.76 (sub 0)
========= Conversion from Blender to Babylon.js =========
	Python World class constructor completed
	processing begun of skeleton:  Armature, id:  0
	processing begun of bone:  root, index:  0
	processing begun of bone:  Up, index:  1
	processing begun of bone:  Down, index:  2
	processing begun of bone:  L_eye, index:  3
	processing begun of bone:  R_eye, index:  4
	processing complete of skeleton:  Armature
	processing begun of mesh:  Clyde
		processing begun of Standard material:  Material__49
		Diffuse texture found
			Image texture found, type:  diffuseTexture, mapped using: "geom-Clyde-map1"
		num positions      :  1272
		num normals        :  1272
		num uvs            :  2544
		num uvs2           :  0
		num colors         :  0
		num indices        :  1272
		num skeletonWeights:  5088
		num skeletonIndices:  5088
	processing begun of camera (FreeCamera):  Camera
	processing begun of light (HEMI):  EnvironmentAmbientLight
	processing begun of light (POINT):  Lamp
========= Writing of scene file started =========
========= Writing of scene file completed =========
========= end of processing =========
elapsed time:  0 min, 0.1131 secs
